[debug] [2018-11-14T13:28:17.582Z] ----------------------------------------------------------------------
[debug] [2018-11-14T13:28:17.582Z] Command:       C:\Program Files\nodejs\node.exe C:\Users\Tomo\AppData\Roaming\npm\node_modules\firebase-tools\lib\bin\firebase.js deploy
[debug] [2018-11-14T13:28:17.582Z] CLI Version:   6.0.1
[debug] [2018-11-14T13:28:17.582Z] Platform:      win32
[debug] [2018-11-14T13:28:17.582Z] Node Version:  v8.9.0
[debug] [2018-11-14T13:28:17.582Z] Time:          Wed Nov 14 2018 20:28:17 GMT+0700 (SE Asia Standard Time)
[debug] [2018-11-14T13:28:17.582Z] ----------------------------------------------------------------------
[debug] 
[debug] [2018-11-14T13:28:17.597Z] > command requires scopes: ["email","openid","https://www.googleapis.com/auth/cloudplatformprojects.readonly","https://www.googleapis.com/auth/firebase","https://www.googleapis.com/auth/cloud-platform"]
[debug] [2018-11-14T13:28:17.597Z] > authorizing via signed-in user
[debug] [2018-11-14T13:28:17.597Z] [iam] checking project bisnistech-1518695560609 for permissions ["firebase.projects.get","firebasehosting.sites.update"]
[debug] [2018-11-14T13:28:17.613Z] > refreshing access token with scopes: ["email","https://www.googleapis.com/auth/cloud-platform","https://www.googleapis.com/auth/cloudplatformprojects.readonly","https://www.googleapis.com/auth/firebase","openid"]
[debug] [2018-11-14T13:28:17.613Z] >>> HTTP REQUEST POST https://www.googleapis.com/oauth2/v3/token  
 <request body omitted>
[debug] [2018-11-14T13:28:17.926Z] <<< HTTP RESPONSE 200
[debug] [2018-11-14T13:28:17.926Z] >>> HTTP REQUEST POST https://cloudresourcemanager.googleapis.com/v1/projects/bisnistech-1518695560609:testIamPermissions  

[debug] [2018-11-14T13:28:19.341Z] <<< HTTP RESPONSE 200
[debug] [2018-11-14T13:28:19.341Z] >>> HTTP REQUEST GET https://firebase.googleapis.com/v1beta1/projects/bisnistech-1518695560609  
 
[debug] [2018-11-14T13:28:19.961Z] <<< HTTP RESPONSE 200
[info] 
[info] === Deploying to 'bisnistech-1518695560609'...
[info] 
[info] i  deploying hosting
[debug] [2018-11-14T13:28:19.977Z] >>> HTTP REQUEST POST https://firebasehosting.googleapis.com/v1beta1/sites/bisnistech-1518695560609/versions  

[debug] [2018-11-14T13:28:22.886Z] <<< HTTP RESPONSE 200
[info] i  hosting[bisnistech-1518695560609]: beginning deploy...
[info] i  hosting[bisnistech-1518695560609]: found 740 files in public
[debug] [2018-11-14T13:28:24.440Z] [hosting] hash cache [cHVibGlj] load error: lines is not defined
[debug] [2018-11-14T13:28:25.517Z] [hosting] hash cache [cHVibGlj] stored for 740 files
[debug] [2018-11-14T13:28:25.517Z] [hosting][hash queue][FINAL]
[debug] [2018-11-14T13:28:25.517Z] >>> HTTP REQUEST POST https://firebasehosting.googleapis.com/v1beta1/sites/bisnistech-1518695560609/versions/540b66673d1aac86:populateFiles  
 <request body omitted>
[debug] [2018-11-14T13:28:35.569Z] <<< HTTP RESPONSE 200
[debug] [2018-11-14T13:28:35.569Z] [hosting][populate queue][FINAL]
[debug] [2018-11-14T13:28:35.569Z] [hosting] uploads queued: 2
